<?xml version="1.0" encoding="UTF-8"?>
<testsuite xmlns:xsi="http://www.w3.org/2001/XMLSchema-instance" xsi:noNamespaceSchemaLocation="https://maven.apache.org/surefire/maven-surefire-plugin/xsd/surefire-test-report-3.0.xsd" version="3.0" name="Tester" time="0.296" tests="8" errors="0" skipped="0" failures="0">
  <properties>
[...]
</properties>
  <testcase name="QuadraticInsert1" classname="Tester" time="0.006"/>
  <testcase name="QuadraticInsert2" classname="Tester" time="0.0"/>
  <testcase name="QuadraticInsert3" classname="Tester" time="0.0"/>
  <testcase name="QuadraticBatchDelete" classname="Tester" time="0.135">
    <system-out><![CDATA[Inserted 3000 entries in the table
0 entries already exist in the table
Deleted 3000 entries from the table
0 entries don't exist in the table
]]></system-out>
  </testcase>
  <testcase name="QuadraticBatchInsert" classname="Tester" time="0.093">
    <system-out><![CDATA[Inserted 3000 entries in the table
0 entries already exist in the table
]]></system-out>
  </testcase>
  <testcase name="QuadraticDelete1" classname="Tester" time="0.0"/>
  <testcase name="QuadraticDelete2" classname="Tester" time="0.0"/>
  <testcase name="QuadraticDelete3" classname="Tester" time="0.0"/>
</testsuite>